[debug] [2025-03-07T22:30:15.150Z] ----------------------------------------------------------------------
[debug] [2025-03-07T22:30:15.151Z] Command:       /usr/local/bin/firebase /Users/nymur/.cache/firebase/tools/lib/node_modules/firebase-tools/lib/bin/firebase init
[debug] [2025-03-07T22:30:15.152Z] CLI Version:   13.31.2
[debug] [2025-03-07T22:30:15.152Z] Platform:      darwin
[debug] [2025-03-07T22:30:15.152Z] Node Version:  v18.5.0
[debug] [2025-03-07T22:30:15.154Z] Time:          Fri Mar 07 2025 15:30:15 GMT-0700 (Mountain Standard Time)
[debug] [2025-03-07T22:30:15.154Z] ----------------------------------------------------------------------
[debug] 
[debug] [2025-03-07T22:30:15.161Z] >>> [apiv2][query] GET https://firebase-public.firebaseio.com/cli.json [none]
[debug] [2025-03-07T22:30:15.212Z] > command requires scopes: ["email","openid","https://www.googleapis.com/auth/cloudplatformprojects.readonly","https://www.googleapis.com/auth/firebase","https://www.googleapis.com/auth/cloud-platform"]
[debug] [2025-03-07T22:30:15.214Z] > authorizing via signed-in user (nymur.nyar@gmail.com)
[info] 
     ######## #### ########  ######## ########     ###     ######  ########
     ##        ##  ##     ## ##       ##     ##  ##   ##  ##       ##
     ######    ##  ########  ######   ########  #########  ######  ######
     ##        ##  ##    ##  ##       ##     ## ##     ##       ## ##
     ##       #### ##     ## ######## ########  ##     ##  ######  ########

You're about to initialize a Firebase project in this directory:

  /Users/nymur/Desktop/CMPUT 301 /Labs/lab_8/lab-08-thursday-nymur-rahman-nyar

[debug] [2025-03-07T22:30:15.434Z] <<< [apiv2][status] GET https://firebase-public.firebaseio.com/cli.json 200
[debug] [2025-03-07T22:30:15.435Z] <<< [apiv2][body] GET https://firebase-public.firebaseio.com/cli.json {"cloudBuildErrorAfter":1594252800000,"cloudBuildWarnAfter":1590019200000,"defaultNode10After":1594252800000,"minVersion":"3.0.5","node8DeploysDisabledAfter":1613390400000,"node8RuntimeDisabledAfter":1615809600000,"node8WarnAfter":1600128000000}
